Determining if the pthread_create exist failed with the following output:
Change Dir: /home/local/mission/build/CMakeFiles/CMakeTmp

Run Build Command:"/usr/bin/make" "cmTC_b6b7e/fast"
/usr/bin/make -f CMakeFiles/cmTC_b6b7e.dir/build.make CMakeFiles/cmTC_b6b7e.dir/build
make[1]: Entering directory '/home/local/regbot/mission/build/CMakeFiles/CMakeTmp'
Building C object CMakeFiles/cmTC_b6b7e.dir/CheckSymbolExists.c.o
/usr/bin/cc    -o CMakeFiles/cmTC_b6b7e.dir/CheckSymbolExists.c.o   -c /home/local/mission/build/CMakeFiles/CMakeTmp/CheckSymbolExists.c
Linking C executable cmTC_b6b7e
/usr/bin/cmake -E cmake_link_script CMakeFiles/cmTC_b6b7e.dir/link.txt --verbose=1
/usr/bin/cc      -rdynamic CMakeFiles/cmTC_b6b7e.dir/CheckSymbolExists.c.o  -o cmTC_b6b7e 
/usr/bin/ld: CMakeFiles/cmTC_b6b7e.dir/CheckSymbolExists.c.o: in function `main':
CheckSymbolExists.c:(.text+0x38): undefined reference to `pthread_create'
collect2: error: ld returned 1 exit status
make[1]: *** [CMakeFiles/cmTC_b6b7e.dir/build.make:87: cmTC_b6b7e] Error 1
make[1]: Leaving directory '/home/local/regbot/mission/build/CMakeFiles/CMakeTmp'
make: *** [Makefile:121: cmTC_b6b7e/fast] Error 2

File /home/local/mission/build/CMakeFiles/CMakeTmp/CheckSymbolExists.c:
/* */
#include <pthread.h>

int main(int argc, char** argv)
{
  (void)argv;
#ifndef pthread_create
  return ((int*)(&pthread_create))[argc];
#else
  (void)argc;
  return 0;
#endif
}

Determining if the function pthread_create exists in the pthreads failed with the following output:
Change Dir: /home/local/mission/build/CMakeFiles/CMakeTmp

Run Build Command:"/usr/bin/make" "cmTC_fa469/fast"
/usr/bin/make -f CMakeFiles/cmTC_fa469.dir/build.make CMakeFiles/cmTC_fa469.dir/build
make[1]: Entering directory '/home/local/regbot/mission/build/CMakeFiles/CMakeTmp'
Building C object CMakeFiles/cmTC_fa469.dir/CheckFunctionExists.c.o
/usr/bin/cc   -DCHECK_FUNCTION_EXISTS=pthread_create   -o CMakeFiles/cmTC_fa469.dir/CheckFunctionExists.c.o   -c /usr/share/cmake-3.13/Modules/CheckFunctionExists.c
Linking C executable cmTC_fa469
/usr/bin/cmake -E cmake_link_script CMakeFiles/cmTC_fa469.dir/link.txt --verbose=1
/usr/bin/cc  -DCHECK_FUNCTION_EXISTS=pthread_create    -rdynamic CMakeFiles/cmTC_fa469.dir/CheckFunctionExists.c.o  -o cmTC_fa469 -lpthreads 
/usr/bin/ld: cannot find -lpthreads
collect2: error: ld returned 1 exit status
make[1]: *** [CMakeFiles/cmTC_fa469.dir/build.make:87: cmTC_fa469] Error 1
make[1]: Leaving directory '/home/local/regbot/mission/build/CMakeFiles/CMakeTmp'
make: *** [Makefile:121: cmTC_fa469/fast] Error 2


Determining if the pthread_create exist failed with the following output:
Change Dir: /home/local/mission_tunnel/build/CMakeFiles/CMakeTmp

Run Build Command:"/usr/bin/make" "cmTC_a9462/fast"
/usr/bin/make -f CMakeFiles/cmTC_a9462.dir/build.make CMakeFiles/cmTC_a9462.dir/build
make[1]: Entering directory '/home/local/mission_tunnel/build/CMakeFiles/CMakeTmp'
Building C object CMakeFiles/cmTC_a9462.dir/CheckSymbolExists.c.o
/usr/bin/cc    -o CMakeFiles/cmTC_a9462.dir/CheckSymbolExists.c.o   -c /home/local/mission_tunnel/build/CMakeFiles/CMakeTmp/CheckSymbolExists.c
Linking C executable cmTC_a9462
/usr/bin/cmake -E cmake_link_script CMakeFiles/cmTC_a9462.dir/link.txt --verbose=1
/usr/bin/cc      -rdynamic CMakeFiles/cmTC_a9462.dir/CheckSymbolExists.c.o  -o cmTC_a9462 
/usr/bin/ld: CMakeFiles/cmTC_a9462.dir/CheckSymbolExists.c.o: in function `main':
CheckSymbolExists.c:(.text+0x38): undefined reference to `pthread_create'
collect2: error: ld returned 1 exit status
make[1]: *** [CMakeFiles/cmTC_a9462.dir/build.make:87: cmTC_a9462] Error 1
make[1]: Leaving directory '/home/local/mission_tunnel/build/CMakeFiles/CMakeTmp'
make: *** [Makefile:121: cmTC_a9462/fast] Error 2

File /home/local/mission_tunnel/build/CMakeFiles/CMakeTmp/CheckSymbolExists.c:
/* */
#include <pthread.h>

int main(int argc, char** argv)
{
  (void)argv;
#ifndef pthread_create
  return ((int*)(&pthread_create))[argc];
#else
  (void)argc;
  return 0;
#endif
}

Determining if the function pthread_create exists in the pthreads failed with the following output:
Change Dir: /home/local/mission_tunnel/build/CMakeFiles/CMakeTmp

Run Build Command:"/usr/bin/make" "cmTC_ceeae/fast"
/usr/bin/make -f CMakeFiles/cmTC_ceeae.dir/build.make CMakeFiles/cmTC_ceeae.dir/build
make[1]: Entering directory '/home/local/mission_tunnel/build/CMakeFiles/CMakeTmp'
Building C object CMakeFiles/cmTC_ceeae.dir/CheckFunctionExists.c.o
/usr/bin/cc   -DCHECK_FUNCTION_EXISTS=pthread_create   -o CMakeFiles/cmTC_ceeae.dir/CheckFunctionExists.c.o   -c /usr/share/cmake-3.13/Modules/CheckFunctionExists.c
Linking C executable cmTC_ceeae
/usr/bin/cmake -E cmake_link_script CMakeFiles/cmTC_ceeae.dir/link.txt --verbose=1
/usr/bin/cc  -DCHECK_FUNCTION_EXISTS=pthread_create    -rdynamic CMakeFiles/cmTC_ceeae.dir/CheckFunctionExists.c.o  -o cmTC_ceeae -lpthreads 
/usr/bin/ld: cannot find -lpthreads
collect2: error: ld returned 1 exit status
make[1]: *** [CMakeFiles/cmTC_ceeae.dir/build.make:87: cmTC_ceeae] Error 1
make[1]: Leaving directory '/home/local/mission_tunnel/build/CMakeFiles/CMakeTmp'
make: *** [Makefile:121: cmTC_ceeae/fast] Error 2


