Determining if the pthread_create exist failed with the following output:
Change Dir: /home/local/mission_stairs/build/CMakeFiles/CMakeTmp

Run Build Command:"/usr/bin/make" "cmTC_741db/fast"
/usr/bin/make -f CMakeFiles/cmTC_741db.dir/build.make CMakeFiles/cmTC_741db.dir/build
make[1]: Entering directory '/home/local/mission_stairs/build/CMakeFiles/CMakeTmp'
Building C object CMakeFiles/cmTC_741db.dir/CheckSymbolExists.c.o
/usr/bin/cc    -o CMakeFiles/cmTC_741db.dir/CheckSymbolExists.c.o   -c /home/local/mission_stairs/build/CMakeFiles/CMakeTmp/CheckSymbolExists.c
Linking C executable cmTC_741db
/usr/bin/cmake -E cmake_link_script CMakeFiles/cmTC_741db.dir/link.txt --verbose=1
/usr/bin/cc      -rdynamic CMakeFiles/cmTC_741db.dir/CheckSymbolExists.c.o  -o cmTC_741db 
/usr/bin/ld: CMakeFiles/cmTC_741db.dir/CheckSymbolExists.c.o: in function `main':
CheckSymbolExists.c:(.text+0x38): undefined reference to `pthread_create'
collect2: error: ld returned 1 exit status
make[1]: *** [CMakeFiles/cmTC_741db.dir/build.make:87: cmTC_741db] Error 1
make[1]: Leaving directory '/home/local/mission_stairs/build/CMakeFiles/CMakeTmp'
make: *** [Makefile:121: cmTC_741db/fast] Error 2

File /home/local/mission_stairs/build/CMakeFiles/CMakeTmp/CheckSymbolExists.c:
/* */
#include <pthread.h>

int main(int argc, char** argv)
{
  (void)argv;
#ifndef pthread_create
  return ((int*)(&pthread_create))[argc];
#else
  (void)argc;
  return 0;
#endif
}

Determining if the function pthread_create exists in the pthreads failed with the following output:
Change Dir: /home/local/mission_stairs/build/CMakeFiles/CMakeTmp

Run Build Command:"/usr/bin/make" "cmTC_9dcb1/fast"
/usr/bin/make -f CMakeFiles/cmTC_9dcb1.dir/build.make CMakeFiles/cmTC_9dcb1.dir/build
make[1]: Entering directory '/home/local/mission_stairs/build/CMakeFiles/CMakeTmp'
Building C object CMakeFiles/cmTC_9dcb1.dir/CheckFunctionExists.c.o
/usr/bin/cc   -DCHECK_FUNCTION_EXISTS=pthread_create   -o CMakeFiles/cmTC_9dcb1.dir/CheckFunctionExists.c.o   -c /usr/share/cmake-3.13/Modules/CheckFunctionExists.c
Linking C executable cmTC_9dcb1
/usr/bin/cmake -E cmake_link_script CMakeFiles/cmTC_9dcb1.dir/link.txt --verbose=1
/usr/bin/cc  -DCHECK_FUNCTION_EXISTS=pthread_create    -rdynamic CMakeFiles/cmTC_9dcb1.dir/CheckFunctionExists.c.o  -o cmTC_9dcb1 -lpthreads 
/usr/bin/ld: cannot find -lpthreads
collect2: error: ld returned 1 exit status
make[1]: *** [CMakeFiles/cmTC_9dcb1.dir/build.make:87: cmTC_9dcb1] Error 1
make[1]: Leaving directory '/home/local/mission_stairs/build/CMakeFiles/CMakeTmp'
make: *** [Makefile:121: cmTC_9dcb1/fast] Error 2


