Determining if the pthread_create exist failed with the following output:
Change Dir: /home/local/mission_axe/build/CMakeFiles/CMakeTmp

Run Build Command:"/usr/bin/make" "cmTC_7013c/fast"
/usr/bin/make -f CMakeFiles/cmTC_7013c.dir/build.make CMakeFiles/cmTC_7013c.dir/build
make[1]: Entering directory '/home/local/mission_axe/build/CMakeFiles/CMakeTmp'
Building C object CMakeFiles/cmTC_7013c.dir/CheckSymbolExists.c.o
/bin/arm-linux-gnueabihf-gcc-8    -o CMakeFiles/cmTC_7013c.dir/CheckSymbolExists.c.o   -c /home/local/mission_axe/build/CMakeFiles/CMakeTmp/CheckSymbolExists.c
Linking C executable cmTC_7013c
/usr/bin/cmake -E cmake_link_script CMakeFiles/cmTC_7013c.dir/link.txt --verbose=1
/bin/arm-linux-gnueabihf-gcc-8      -rdynamic CMakeFiles/cmTC_7013c.dir/CheckSymbolExists.c.o  -o cmTC_7013c 
/usr/bin/ld: CMakeFiles/cmTC_7013c.dir/CheckSymbolExists.c.o: in function `main':
CheckSymbolExists.c:(.text+0x38): undefined reference to `pthread_create'
collect2: error: ld returned 1 exit status
make[1]: *** [CMakeFiles/cmTC_7013c.dir/build.make:87: cmTC_7013c] Error 1
make[1]: Leaving directory '/home/local/mission_axe/build/CMakeFiles/CMakeTmp'
make: *** [Makefile:121: cmTC_7013c/fast] Error 2

File /home/local/mission_axe/build/CMakeFiles/CMakeTmp/CheckSymbolExists.c:
/* */
#include <pthread.h>

int main(int argc, char** argv)
{
  (void)argv;
#ifndef pthread_create
  return ((int*)(&pthread_create))[argc];
#else
  (void)argc;
  return 0;
#endif
}

Determining if the function pthread_create exists in the pthreads failed with the following output:
Change Dir: /home/local/mission_axe/build/CMakeFiles/CMakeTmp

Run Build Command:"/usr/bin/make" "cmTC_1cb90/fast"
/usr/bin/make -f CMakeFiles/cmTC_1cb90.dir/build.make CMakeFiles/cmTC_1cb90.dir/build
make[1]: Entering directory '/home/local/mission_axe/build/CMakeFiles/CMakeTmp'
Building C object CMakeFiles/cmTC_1cb90.dir/CheckFunctionExists.c.o
/bin/arm-linux-gnueabihf-gcc-8   -DCHECK_FUNCTION_EXISTS=pthread_create   -o CMakeFiles/cmTC_1cb90.dir/CheckFunctionExists.c.o   -c /usr/share/cmake-3.13/Modules/CheckFunctionExists.c
Linking C executable cmTC_1cb90
/usr/bin/cmake -E cmake_link_script CMakeFiles/cmTC_1cb90.dir/link.txt --verbose=1
/bin/arm-linux-gnueabihf-gcc-8  -DCHECK_FUNCTION_EXISTS=pthread_create    -rdynamic CMakeFiles/cmTC_1cb90.dir/CheckFunctionExists.c.o  -o cmTC_1cb90 -lpthreads 
/usr/bin/ld: cannot find -lpthreads
collect2: error: ld returned 1 exit status
make[1]: *** [CMakeFiles/cmTC_1cb90.dir/build.make:87: cmTC_1cb90] Error 1
make[1]: Leaving directory '/home/local/mission_axe/build/CMakeFiles/CMakeTmp'
make: *** [Makefile:121: cmTC_1cb90/fast] Error 2


